c:\mediabox\debug\vc120.pdb
c:\mediabox\debug\mediabox.obj
c:\mediabox\debug\main.obj
c:\mediabox\debug\ikcp.obj
c:\mediabox\debug\moc_mediabox.obj
c:\mediabox\debug\moc_ctransferwidget.obj
c:\mediabox\debug\moc_ctranscodingwidget.obj
c:\mediabox\debug\fmftreliablebase.obj
c:\mediabox\debug\fmftnet.obj
c:\mediabox\debug\fmftfunction.obj
c:\mediabox\debug\ctransferwidget.obj
c:\mediabox\debug\ctranscodingwidget.obj
c:\mediabox\debug\qrc_mediabox.obj
c:\mediabox\generatedfiles\debug\moc_mediabox.cpp
c:\mediabox\generatedfiles\debug\moc_ctranscodingwidget.cpp
c:\mediabox\generatedfiles\debug\moc_ctransferwidget.cpp
c:\mediabox\generatedfiles\qrc_mediabox.cpp
c:\mediabox\win32\debug\mediabox.ilk
c:\mediabox\win32\debug\mediabox.exe
c:\mediabox\win32\debug\mediabox.pdb
c:\mediabox\debug\mediabox.tlog\cl.command.1.tlog
c:\mediabox\debug\mediabox.tlog\cl.read.1.tlog
c:\mediabox\debug\mediabox.tlog\cl.write.1.tlog
c:\mediabox\debug\mediabox.tlog\custombuild.command.1.tlog
c:\mediabox\debug\mediabox.tlog\custombuild.read.1.tlog
c:\mediabox\debug\mediabox.tlog\custombuild.write.1.tlog
c:\mediabox\debug\mediabox.tlog\link.command.1.tlog
c:\mediabox\debug\mediabox.tlog\link.read.1.tlog
c:\mediabox\debug\mediabox.tlog\link.write.1.tlog
