c:\mediabox\release\mediabox.obj
c:\mediabox\release\main.obj
c:\mediabox\release\ikcp.obj
c:\mediabox\release\moc_mediabox.obj
c:\mediabox\release\moc_ctransferwidget.obj
c:\mediabox\release\moc_ctranscodingwidget.obj
c:\mediabox\release\fmftreliablebase.obj
c:\mediabox\release\fmftnet.obj
c:\mediabox\release\fmftfunction.obj
c:\mediabox\release\ctransferwidget.obj
c:\mediabox\release\ctranscodingwidget.obj
c:\mediabox\release\qrc_mediabox.obj
c:\mediabox\generatedfiles\release\moc_mediabox.cpp
c:\mediabox\generatedfiles\release\moc_ctranscodingwidget.cpp
c:\mediabox\generatedfiles\release\moc_ctransferwidget.cpp
c:\mediabox\generatedfiles\qrc_mediabox.cpp
c:\mediabox\win32\release\mediabox.exe
c:\mediabox\release\mediabox.tlog\cl.command.1.tlog
c:\mediabox\release\mediabox.tlog\cl.read.1.tlog
c:\mediabox\release\mediabox.tlog\cl.write.1.tlog
c:\mediabox\release\mediabox.tlog\custombuild.command.1.tlog
c:\mediabox\release\mediabox.tlog\custombuild.read.1.tlog
c:\mediabox\release\mediabox.tlog\custombuild.write.1.tlog
c:\mediabox\release\mediabox.tlog\link.command.1.tlog
c:\mediabox\release\mediabox.tlog\link.read.1.tlog
c:\mediabox\release\mediabox.tlog\link.write.1.tlog
